<?xml version="1.0" encoding="UTF-8"?>
<!-- Generated by org.testng.reporters.JUnitReportReporter -->
<testsuite hostname="TECHNOLOGY-KRITIKA" failures="0" tests="1" name="com.tests.VlidateResponseHeaders" time="2.014" errors="0" timestamp="2023-09-27T16:11:48 IST" skipped="0">
  <testcase classname="com.tests.VlidateResponseHeaders" name="checkValidResponseHeaders" time="2.014"/>
  <system-out/>
</testsuite> <!-- com.tests.VlidateResponseHeaders -->
