<?xml version="1.0" encoding="UTF-8"?>
<!-- Generated by org.testng.reporters.JUnitReportReporter -->
<testsuite hostname="TECHNOLOGY-KRITIKA" failures="0" tests="1" name="com.tests.PatchRequest" time="2.071" errors="0" timestamp="2023-09-27T15:21:03 IST" skipped="0">
  <testcase classname="com.tests.PatchRequest" name="putRequest" time="2.071"/>
  <system-out/>
</testsuite> <!-- com.tests.PatchRequest -->
