<?xml version="1.0" encoding="UTF-8"?>
<!-- Generated by org.testng.reporters.JUnitReportReporter -->
<testsuite hostname="TECHNOLOGY-KRITIKA" failures="0" tests="1" name="com.tests.CreatePOJOClassOfNestedJSONObject" time="0.365" errors="0" timestamp="2023-10-13T13:42:27 IST" skipped="0">
  <testcase classname="com.tests.CreatePOJOClassOfNestedJSONObject" name="createJSONObjectFromEmployeeClassObject" time="0.365"/>
  <system-out/>
</testsuite> <!-- com.tests.CreatePOJOClassOfNestedJSONObject -->
