<?xml version="1.0" encoding="UTF-8"?>
<!-- Generated by org.testng.reporters.JUnitReportReporter -->
<testsuite hostname="TECHNOLOGY-KRITIKA" failures="0" tests="1" name="com.tests.UploadFileInRest" time="5.710" errors="0" timestamp="2023-10-13T12:00:31 IST" skipped="0">
  <testcase classname="com.tests.UploadFileInRest" name="uploadFile" time="5.710"/>
  <system-out/>
</testsuite> <!-- com.tests.UploadFileInRest -->
