<?xml version="1.0" encoding="UTF-8"?>
<!-- Generated by org.testng.reporters.JUnitReportReporter -->
<testsuite hostname="TECHNOLOGY-KRITIKA" failures="0" tests="1" name="com.tests.RetrieveQueryrequestSpecification" time="1.735" errors="0" timestamp="2023-10-12T21:22:29 IST" skipped="0">
  <testcase classname="com.tests.RetrieveQueryrequestSpecification" name="queryRequestSpecification" time="1.735"/>
  <system-out/>
</testsuite> <!-- com.tests.RetrieveQueryrequestSpecification -->
