<?xml version="1.0" encoding="UTF-8"?>
<!-- Generated by org.testng.reporters.JUnitReportReporter -->
<testsuite hostname="TECHNOLOGY-KRITIKA" failures="0" tests="1" name="com.tests.CreatePOJOClassOfComplexNestedJSONObject" time="0.992" errors="0" timestamp="2023-10-13T18:37:52 IST" skipped="0">
  <testcase classname="com.tests.CreatePOJOClassOfComplexNestedJSONObject" name="createJSONObjectFromEmployeeClassObject" time="0.992"/>
  <system-out/>
</testsuite> <!-- com.tests.CreatePOJOClassOfComplexNestedJSONObject -->
