<?xml version="1.0" encoding="UTF-8"?>
<!-- Generated by org.testng.reporters.JUnitReportReporter -->
<testsuite hostname="TECHNOLOGY-KRITIKA" failures="0" tests="2" name="com.tests.CreateJSONObjectUsingJavaMap" time="6.289" errors="0" timestamp="2023-10-12T21:46:39 IST" skipped="0">
  <testcase classname="com.tests.CreateJSONObjectUsingJavaMap" name="createAuthToken" time="4.000"/>
  <system-out/>
  <testcase classname="com.tests.CreateJSONObjectUsingJavaMap" name="createBooking" time="2.289"/>
  <system-out/>
</testsuite> <!-- com.tests.CreateJSONObjectUsingJavaMap -->
