<?xml version="1.0" encoding="UTF-8"?>
<!-- Generated by org.testng.reporters.JUnitReportReporter -->
<testsuite hostname="TECHNOLOGY-KRITIKA" failures="0" tests="4" name="com.tests.UserAPITest" time="10.291" errors="0" timestamp="2023-10-19T23:13:53 IST" skipped="0">
  <testcase classname="com.tests.UserAPITest" name="testCreateUser" time="3.925"/>
  <system-out/>
  <testcase classname="com.tests.UserAPITest" name="testGetUser" time="1.332"/>
  <system-out/>
  <testcase classname="com.tests.UserAPITest" name="testUpdateUser" time="3.620"/>
  <system-out/>
  <testcase classname="com.tests.UserAPITest" name="testDeleteUser" time="1.414"/>
  <system-out/>
</testsuite> <!-- com.tests.UserAPITest -->
