<?xml version="1.0" encoding="UTF-8"?>
<!-- Generated by org.testng.reporters.JUnitReportReporter -->
<testsuite hostname="TECHNOLOGY-KRITIKA" failures="0" tests="1" name="com.tests.CreateJSONObjectUsingJacksonAPI" time="0.468" errors="0" timestamp="2023-10-20T14:20:09 IST" skipped="0">
  <testcase classname="com.tests.CreateJSONObjectUsingJacksonAPI" name="createJSONObjectUsingJacksonAPI" time="0.468"/>
  <system-out/>
</testsuite> <!-- com.tests.CreateJSONObjectUsingJacksonAPI -->
