<?xml version="1.0" encoding="UTF-8"?>
<!-- Generated by org.testng.reporters.JUnitReportReporter -->
<testsuite hostname="TECHNOLOGY-KRITIKA" failures="0" tests="1" name="com.tests.DeserializeJsonResponse" time="9.288" errors="0" timestamp="2023-10-12T20:23:54 IST" skipped="0">
  <testcase classname="com.tests.DeserializeJsonResponse" name="deserializeJsonResponse" time="9.288"/>
  <system-out/>
</testsuite> <!-- com.tests.DeserializeJsonResponse -->
