<?xml version="1.0" encoding="UTF-8"?>
<!-- Generated by org.testng.reporters.JUnitReportReporter -->
<testsuite hostname="TECHNOLOGY-KRITIKA" failures="0" tests="2" name="com.tests.GetRequest" time="7.832" errors="0" timestamp="2023-10-10T11:40:57 IST" skipped="0">
  <testcase classname="com.tests.GetRequest" name="getRequest1" time="7.129"/>
  <system-out/>
  <testcase classname="com.tests.GetRequest" name="getRequestWithQueryParam" time="0.703"/>
  <system-out/>
</testsuite> <!-- com.tests.GetRequest -->
