<?xml version="1.0" encoding="UTF-8"?>
<!-- Generated by org.testng.reporters.JUnitReportReporter -->
<testsuite hostname="TECHNOLOGY-KRITIKA" failures="0" tests="1" name="com.tests.ValidateResponseBody" time="2.495" errors="0" timestamp="2023-09-27T16:25:34 IST" skipped="0">
  <testcase classname="com.tests.ValidateResponseBody" name="checkValidResponseBody" time="2.495"/>
  <system-out/>
</testsuite> <!-- com.tests.ValidateResponseBody -->
