<?xml version="1.0" encoding="UTF-8"?>
<!-- Generated by org.testng.reporters.JUnitReportReporter -->
<testsuite hostname="TECHNOLOGY-KRITIKA" failures="0" tests="1" name="com.tests.CreatePOJOClassOfJSONArray" time="5.118" errors="0" timestamp="2023-10-13T13:32:09 IST" skipped="0">
  <testcase classname="com.tests.CreatePOJOClassOfJSONArray" name="createJSONArrayFromEmployeeClassObject" time="5.118"/>
  <system-out/>
</testsuite> <!-- com.tests.CreatePOJOClassOfJSONArray -->
