<?xml version="1.0" encoding="UTF-8"?>
<!-- Generated by org.testng.reporters.JUnitReportReporter -->
<testsuite hostname="TECHNOLOGY-KRITIKA" failures="0" tests="1" name="com.tests.PutRequest" time="2.246" errors="0" timestamp="2023-09-27T15:19:38 IST" skipped="0">
  <testcase classname="com.tests.PutRequest" name="putRequest" time="2.246"/>
  <system-out/>
</testsuite> <!-- com.tests.PutRequest -->
