<?xml version="1.0" encoding="UTF-8"?>
<!-- Generated by org.testng.reporters.JUnitReportReporter -->
<testsuite hostname="TECHNOLOGY-KRITIKA" failures="0" tests="1" name="com.tests.CreateJSONArray" time="6.054" errors="0" timestamp="2023-10-13T00:11:07 IST" skipped="0">
  <testcase classname="com.tests.CreateJSONArray" name="createUserUsingJSONArray" time="6.054"/>
  <system-out/>
</testsuite> <!-- com.tests.CreateJSONArray -->
