<?xml version="1.0" encoding="UTF-8"?>
<!-- Generated by org.testng.reporters.JUnitReportReporter -->
<testsuite hostname="TECHNOLOGY-KRITIKA" failures="0" tests="1" name="com.tests.PostRequest" time="10.243" errors="0" timestamp="2023-10-10T12:43:13 IST" skipped="0">
  <testcase classname="com.tests.PostRequest" name="postRequest" time="10.243"/>
  <system-out/>
</testsuite> <!-- com.tests.PostRequest -->
