<?xml version="1.0" encoding="UTF-8"?>
<!-- Generated by org.testng.reporters.JUnitReportReporter -->
<testsuite hostname="TECHNOLOGY-KRITIKA" failures="0" tests="1" name="com.tests.BasicAndDigestAuthentication" time="2.907" errors="0" timestamp="2023-09-27T16:45:33 IST" skipped="0">
  <testcase classname="com.tests.BasicAndDigestAuthentication" name="basicAuth" time="2.907"/>
  <system-out/>
</testsuite> <!-- com.tests.BasicAndDigestAuthentication -->
