<?xml version="1.0" encoding="UTF-8"?>
<!-- Generated by org.testng.reporters.JUnitReportReporter -->
<testsuite hostname="TECHNOLOGY-KRITIKA" failures="0" tests="1" name="com.tests.CreatePOJOClassOfJSONData" time="3.789" errors="0" timestamp="2023-10-19T01:48:09 IST" skipped="0">
  <testcase classname="com.tests.CreatePOJOClassOfJSONData" name="createJSONObjectFromEmployeeClassObject" time="3.789"/>
  <system-out/>
</testsuite> <!-- com.tests.CreatePOJOClassOfJSONData -->
