<?xml version="1.0" encoding="UTF-8"?>
<!-- Generated by org.testng.reporters.JUnitReportReporter -->
<testsuite hostname="TECHNOLOGY-KRITIKA" failures="0" tests="1" name="com.tests.APIKeyAuthentication" time="7.112" errors="0" timestamp="2023-10-12T18:24:22 IST" skipped="0">
  <testcase classname="com.tests.APIKeyAuthentication" name="apiKeyAuthenticationExample" time="7.112"/>
  <system-out/>
</testsuite> <!-- com.tests.APIKeyAuthentication -->
