<?xml version="1.0" encoding="UTF-8"?>
<!-- Generated by org.testng.reporters.JUnitReportReporter -->
<testsuite hostname="TECHNOLOGY-KRITIKA" failures="0" tests="1" name="com.tests.BearerToken" time="6.393" errors="0" timestamp="2023-10-12T17:41:22 IST" skipped="0">
  <testcase classname="com.tests.BearerToken" name="bearerTokenAuthentication" time="6.393"/>
  <system-out/>
</testsuite> <!-- com.tests.BearerToken -->
