<?xml version="1.0" encoding="UTF-8"?>
<!-- Generated by org.testng.reporters.JUnitReportReporter -->
<testsuite hostname="TECHNOLOGY-KRITIKA" failures="0" tests="1" name="com.tests.DeleteRequest" time="2.009" errors="0" timestamp="2023-09-27T15:22:52 IST" skipped="0">
  <testcase classname="com.tests.DeleteRequest" name="deleteRequest" time="2.009"/>
  <system-out/>
</testsuite> <!-- com.tests.DeleteRequest -->
