<?xml version="1.0" encoding="UTF-8"?>
<!-- Generated by org.testng.reporters.JUnitReportReporter -->
<testsuite hostname="TECHNOLOGY-KRITIKA" failures="0" tests="1" name="com.tests.ValidateHTTPResponseStatus" time="2.309" errors="0" timestamp="2023-09-27T15:31:24 IST" skipped="0">
  <testcase classname="com.tests.ValidateHTTPResponseStatus" name="checkValidResponse" time="2.309"/>
  <system-out/>
</testsuite> <!-- com.tests.ValidateHTTPResponseStatus -->
